<?xml version="1.0" encoding="UTF-8"?>
<robot generator="Robot 5.0 (Python 3.10.4 on win32)" generated="20220423 18:09:17.386" rpa="false" schemaversion="3">
<suite id="s1" name="Cart" source="C:\Users\Dell\OneDrive\Desktop\robotlearning\cart testing\cart.robot">
<test id="s1-t1" name="Add backpack" line="12">
<kw name="login to sauceLabs" type="SETUP">
<kw name="Open Browser" library="SeleniumLibrary">
<arg>https://www.saucedemo.com/</arg>
<arg>chrome</arg>
<doc>Opens a new browser instance to the optional ``url``.</doc>
<msg timestamp="20220423 18:09:17.811" level="INFO">Opening browser 'chrome' to base url 'https://www.saucedemo.com/'.</msg>
<status status="PASS" starttime="20220423 18:09:17.809" endtime="20220423 18:09:20.072"/>
</kw>
<kw name="Input Text" library="SeleniumLibrary">
<arg>id:user-name</arg>
<arg>${standardUser}</arg>
<doc>Types the given ``text`` into the text field identified by ``locator``.</doc>
<msg timestamp="20220423 18:09:20.073" level="INFO">Typing text 'standard_user' into text field 'id:user-name'.</msg>
<status status="PASS" starttime="20220423 18:09:20.072" endtime="20220423 18:09:20.253"/>
</kw>
<kw name="Input Password" library="SeleniumLibrary">
<arg>id:password</arg>
<arg>${correct_password}</arg>
<doc>Types the given password into the text field identified by ``locator``.</doc>
<msg timestamp="20220423 18:09:20.254" level="INFO">Typing password into text field 'id:password'.</msg>
<msg timestamp="20220423 18:09:20.321" level="INFO">Temporally setting log level to: NONE</msg>
<msg timestamp="20220423 18:09:20.410" level="INFO">Log level changed from NONE to INFO.</msg>
<status status="PASS" starttime="20220423 18:09:20.254" endtime="20220423 18:09:20.411"/>
</kw>
<kw name="Click Element" library="SeleniumLibrary">
<arg>id:login-button</arg>
<doc>Click the element identified by ``locator``.</doc>
<msg timestamp="20220423 18:09:20.411" level="INFO">Clicking element 'id:login-button'.</msg>
<status status="PASS" starttime="20220423 18:09:20.411" endtime="20220423 18:09:20.609"/>
</kw>
<kw name="Page Should Contain" library="SeleniumLibrary">
<arg>Sauce Labs Backpack</arg>
<doc>Verifies that current page contains ``text``.</doc>
<msg timestamp="20220423 18:09:20.741" level="INFO">Current page contains text 'Sauce Labs Backpack'.</msg>
<status status="PASS" starttime="20220423 18:09:20.609" endtime="20220423 18:09:20.741"/>
</kw>
<status status="PASS" starttime="20220423 18:09:17.809" endtime="20220423 18:09:20.741"/>
</kw>
<kw name="Click Element" library="SeleniumLibrary">
<arg>id:add-to-cart-sauce-labs-backpack</arg>
<doc>Click the element identified by ``locator``.</doc>
<msg timestamp="20220423 18:09:20.746" level="INFO">Clicking element 'id:add-to-cart-sauce-labs-backpack'.</msg>
<status status="PASS" starttime="20220423 18:09:20.746" endtime="20220423 18:09:20.869"/>
</kw>
<kw name="Get Element Count" library="SeleniumLibrary">
<var>${count}</var>
<arg>xpath:/html/body/div[1]/div/div/div[1]/div[1]/div[3]/a/span</arg>
<doc>Returns the number of elements matching ``locator``.</doc>
<msg timestamp="20220423 18:09:20.888" level="INFO">${count} = 1</msg>
<status status="PASS" starttime="20220423 18:09:20.869" endtime="20220423 18:09:20.888"/>
</kw>
<kw name="Run Keyword If" library="BuiltIn">
<arg>${count} &gt; 0</arg>
<arg>check backpack in cart</arg>
<arg>ELSE</arg>
<arg>FAIL</arg>
<arg>Item not added to cart</arg>
<doc>Runs the given keyword with the given arguments, if ``condition`` is true.</doc>
<kw name="check backpack in cart">
<kw name="Click Element" library="SeleniumLibrary">
<arg>xpath:/html/body/div[1]/div/div/div[1]/div[1]/div[3]/a</arg>
<doc>Click the element identified by ``locator``.</doc>
<msg timestamp="20220423 18:09:20.891" level="INFO">Clicking element 'xpath:/html/body/div[1]/div/div/div[1]/div[1]/div[3]/a'.</msg>
<status status="PASS" starttime="20220423 18:09:20.890" endtime="20220423 18:09:21.001"/>
</kw>
<kw name="Page Should Contain" library="SeleniumLibrary">
<arg>Sauce Labs Backpack</arg>
<doc>Verifies that current page contains ``text``.</doc>
<msg timestamp="20220423 18:09:21.016" level="INFO">Current page contains text 'Sauce Labs Backpack'.</msg>
<status status="PASS" starttime="20220423 18:09:21.002" endtime="20220423 18:09:21.016"/>
</kw>
<status status="PASS" starttime="20220423 18:09:20.889" endtime="20220423 18:09:21.016"/>
</kw>
<status status="PASS" starttime="20220423 18:09:20.888" endtime="20220423 18:09:21.016"/>
</kw>
<kw name="test shutdown" type="TEARDOWN">
<kw name="Close Browser" library="SeleniumLibrary">
<doc>Closes the current browser.</doc>
<status status="PASS" starttime="20220423 18:09:21.018" endtime="20220423 18:09:23.264"/>
</kw>
<status status="PASS" starttime="20220423 18:09:21.017" endtime="20220423 18:09:23.265"/>
</kw>
<tag>functional</tag>
<status status="PASS" starttime="20220423 18:09:17.808" endtime="20220423 18:09:23.267"/>
</test>
<test id="s1-t2" name="add bike light" line="19">
<kw name="login to sauceLabs" type="SETUP">
<kw name="Open Browser" library="SeleniumLibrary">
<arg>https://www.saucedemo.com/</arg>
<arg>chrome</arg>
<doc>Opens a new browser instance to the optional ``url``.</doc>
<msg timestamp="20220423 18:09:23.284" level="INFO">Opening browser 'chrome' to base url 'https://www.saucedemo.com/'.</msg>
<status status="PASS" starttime="20220423 18:09:23.282" endtime="20220423 18:09:25.436"/>
</kw>
<kw name="Input Text" library="SeleniumLibrary">
<arg>id:user-name</arg>
<arg>${standardUser}</arg>
<doc>Types the given ``text`` into the text field identified by ``locator``.</doc>
<msg timestamp="20220423 18:09:25.437" level="INFO">Typing text 'standard_user' into text field 'id:user-name'.</msg>
<status status="PASS" starttime="20220423 18:09:25.437" endtime="20220423 18:09:25.627"/>
</kw>
<kw name="Input Password" library="SeleniumLibrary">
<arg>id:password</arg>
<arg>${correct_password}</arg>
<doc>Types the given password into the text field identified by ``locator``.</doc>
<msg timestamp="20220423 18:09:25.628" level="INFO">Typing password into text field 'id:password'.</msg>
<msg timestamp="20220423 18:09:25.694" level="INFO">Temporally setting log level to: NONE</msg>
<msg timestamp="20220423 18:09:25.779" level="INFO">Log level changed from NONE to INFO.</msg>
<status status="PASS" starttime="20220423 18:09:25.628" endtime="20220423 18:09:25.779"/>
</kw>
<kw name="Click Element" library="SeleniumLibrary">
<arg>id:login-button</arg>
<doc>Click the element identified by ``locator``.</doc>
<msg timestamp="20220423 18:09:25.780" level="INFO">Clicking element 'id:login-button'.</msg>
<status status="PASS" starttime="20220423 18:09:25.779" endtime="20220423 18:09:25.984"/>
</kw>
<kw name="Page Should Contain" library="SeleniumLibrary">
<arg>Sauce Labs Backpack</arg>
<doc>Verifies that current page contains ``text``.</doc>
<msg timestamp="20220423 18:09:26.197" level="INFO">Current page contains text 'Sauce Labs Backpack'.</msg>
<status status="PASS" starttime="20220423 18:09:25.985" endtime="20220423 18:09:26.197"/>
</kw>
<status status="PASS" starttime="20220423 18:09:23.279" endtime="20220423 18:09:26.197"/>
</kw>
<kw name="Click Element" library="SeleniumLibrary">
<arg>id:add-to-cart-sauce-labs-bike-light</arg>
<doc>Click the element identified by ``locator``.</doc>
<msg timestamp="20220423 18:09:26.199" level="INFO">Clicking element 'id:add-to-cart-sauce-labs-bike-light'.</msg>
<status status="PASS" starttime="20220423 18:09:26.199" endtime="20220423 18:09:26.280"/>
</kw>
<kw name="Get Element Count" library="SeleniumLibrary">
<var>${count}</var>
<arg>xpath:/html/body/div[1]/div/div/div[1]/div[1]/div[3]/a/span</arg>
<doc>Returns the number of elements matching ``locator``.</doc>
<msg timestamp="20220423 18:09:26.302" level="INFO">${count} = 1</msg>
<status status="PASS" starttime="20220423 18:09:26.281" endtime="20220423 18:09:26.302"/>
</kw>
<kw name="Run Keyword If" library="BuiltIn">
<arg>${count} &gt; 0</arg>
<arg>check bike-light in cart</arg>
<arg>ELSE</arg>
<arg>FAIL</arg>
<arg>Item not added to carts</arg>
<doc>Runs the given keyword with the given arguments, if ``condition`` is true.</doc>
<kw name="check bike-light in cart">
<kw name="Click Element" library="SeleniumLibrary">
<arg>xpath:/html/body/div[1]/div/div/div[1]/div[1]/div[3]/a</arg>
<doc>Click the element identified by ``locator``.</doc>
<msg timestamp="20220423 18:09:26.304" level="INFO">Clicking element 'xpath:/html/body/div[1]/div/div/div[1]/div[1]/div[3]/a'.</msg>
<status status="PASS" starttime="20220423 18:09:26.304" endtime="20220423 18:09:26.402"/>
</kw>
<kw name="Page Should Contain" library="SeleniumLibrary">
<arg>Sauce Labs Bike Light</arg>
<doc>Verifies that current page contains ``text``.</doc>
<msg timestamp="20220423 18:09:26.423" level="INFO">Current page contains text 'Sauce Labs Bike Light'.</msg>
<status status="PASS" starttime="20220423 18:09:26.402" endtime="20220423 18:09:26.423"/>
</kw>
<status status="PASS" starttime="20220423 18:09:26.304" endtime="20220423 18:09:26.424"/>
</kw>
<status status="PASS" starttime="20220423 18:09:26.303" endtime="20220423 18:09:26.424"/>
</kw>
<kw name="test shutdown" type="TEARDOWN">
<kw name="Close Browser" library="SeleniumLibrary">
<doc>Closes the current browser.</doc>
<status status="PASS" starttime="20220423 18:09:26.426" endtime="20220423 18:09:28.671"/>
</kw>
<status status="PASS" starttime="20220423 18:09:26.426" endtime="20220423 18:09:28.671"/>
</kw>
<tag>functional</tag>
<status status="PASS" starttime="20220423 18:09:23.274" endtime="20220423 18:09:28.672"/>
</test>
<test id="s1-t3" name="add bold t-shirt" line="26">
<kw name="login to sauceLabs" type="SETUP">
<kw name="Open Browser" library="SeleniumLibrary">
<arg>https://www.saucedemo.com/</arg>
<arg>chrome</arg>
<doc>Opens a new browser instance to the optional ``url``.</doc>
<msg timestamp="20220423 18:09:28.677" level="INFO">Opening browser 'chrome' to base url 'https://www.saucedemo.com/'.</msg>
<status status="PASS" starttime="20220423 18:09:28.676" endtime="20220423 18:09:30.816"/>
</kw>
<kw name="Input Text" library="SeleniumLibrary">
<arg>id:user-name</arg>
<arg>${standardUser}</arg>
<doc>Types the given ``text`` into the text field identified by ``locator``.</doc>
<msg timestamp="20220423 18:09:30.817" level="INFO">Typing text 'standard_user' into text field 'id:user-name'.</msg>
<status status="PASS" starttime="20220423 18:09:30.816" endtime="20220423 18:09:30.999"/>
</kw>
<kw name="Input Password" library="SeleniumLibrary">
<arg>id:password</arg>
<arg>${correct_password}</arg>
<doc>Types the given password into the text field identified by ``locator``.</doc>
<msg timestamp="20220423 18:09:31.000" level="INFO">Typing password into text field 'id:password'.</msg>
<msg timestamp="20220423 18:09:31.064" level="INFO">Temporally setting log level to: NONE</msg>
<msg timestamp="20220423 18:09:31.148" level="INFO">Log level changed from NONE to INFO.</msg>
<status status="PASS" starttime="20220423 18:09:30.999" endtime="20220423 18:09:31.148"/>
</kw>
<kw name="Click Element" library="SeleniumLibrary">
<arg>id:login-button</arg>
<doc>Click the element identified by ``locator``.</doc>
<msg timestamp="20220423 18:09:31.149" level="INFO">Clicking element 'id:login-button'.</msg>
<status status="PASS" starttime="20220423 18:09:31.149" endtime="20220423 18:09:31.354"/>
</kw>
<kw name="Page Should Contain" library="SeleniumLibrary">
<arg>Sauce Labs Backpack</arg>
<doc>Verifies that current page contains ``text``.</doc>
<msg timestamp="20220423 18:09:31.592" level="INFO">Current page contains text 'Sauce Labs Backpack'.</msg>
<status status="PASS" starttime="20220423 18:09:31.355" endtime="20220423 18:09:31.593"/>
</kw>
<status status="PASS" starttime="20220423 18:09:28.676" endtime="20220423 18:09:31.593"/>
</kw>
<kw name="Click Element" library="SeleniumLibrary">
<arg>id:add-to-cart-sauce-labs-bolt-t-shirt</arg>
<doc>Click the element identified by ``locator``.</doc>
<msg timestamp="20220423 18:09:31.600" level="INFO">Clicking element 'id:add-to-cart-sauce-labs-bolt-t-shirt'.</msg>
<status status="PASS" starttime="20220423 18:09:31.599" endtime="20220423 18:09:31.687"/>
</kw>
<kw name="Get Element Count" library="SeleniumLibrary">
<var>${count}</var>
<arg>xpath:/html/body/div[1]/div/div/div[1]/div[1]/div[3]/a/span</arg>
<doc>Returns the number of elements matching ``locator``.</doc>
<msg timestamp="20220423 18:09:31.729" level="INFO">${count} = 1</msg>
<status status="PASS" starttime="20220423 18:09:31.688" endtime="20220423 18:09:31.729"/>
</kw>
<kw name="Run Keyword If" library="BuiltIn">
<arg>${count} &gt; 0</arg>
<arg>check bolt-tshirt in cart</arg>
<arg>ELSE</arg>
<arg>FAIL</arg>
<arg>Item not added to carts</arg>
<doc>Runs the given keyword with the given arguments, if ``condition`` is true.</doc>
<kw name="check bolt-tshirt in cart">
<kw name="Click Element" library="SeleniumLibrary">
<arg>xpath:/html/body/div[1]/div/div/div[1]/div[1]/div[3]/a</arg>
<doc>Click the element identified by ``locator``.</doc>
<msg timestamp="20220423 18:09:31.733" level="INFO">Clicking element 'xpath:/html/body/div[1]/div/div/div[1]/div[1]/div[3]/a'.</msg>
<status status="PASS" starttime="20220423 18:09:31.732" endtime="20220423 18:09:31.821"/>
</kw>
<kw name="Page Should Contain" library="SeleniumLibrary">
<arg>Sauce Labs Bolt T-Shirt</arg>
<doc>Verifies that current page contains ``text``.</doc>
<msg timestamp="20220423 18:09:31.842" level="INFO">Current page contains text 'Sauce Labs Bolt T-Shirt'.</msg>
<status status="PASS" starttime="20220423 18:09:31.821" endtime="20220423 18:09:31.842"/>
</kw>
<status status="PASS" starttime="20220423 18:09:31.732" endtime="20220423 18:09:31.842"/>
</kw>
<status status="PASS" starttime="20220423 18:09:31.731" endtime="20220423 18:09:31.842"/>
</kw>
<kw name="test shutdown" type="TEARDOWN">
<kw name="Close Browser" library="SeleniumLibrary">
<doc>Closes the current browser.</doc>
<status status="PASS" starttime="20220423 18:09:31.844" endtime="20220423 18:09:34.075"/>
</kw>
<status status="PASS" starttime="20220423 18:09:31.843" endtime="20220423 18:09:34.076"/>
</kw>
<tag>functional</tag>
<status status="PASS" starttime="20220423 18:09:28.674" endtime="20220423 18:09:34.076"/>
</test>
<test id="s1-t4" name="add fleece-jacket" line="35">
<kw name="login to sauceLabs" type="SETUP">
<kw name="Open Browser" library="SeleniumLibrary">
<arg>https://www.saucedemo.com/</arg>
<arg>chrome</arg>
<doc>Opens a new browser instance to the optional ``url``.</doc>
<msg timestamp="20220423 18:09:34.093" level="INFO">Opening browser 'chrome' to base url 'https://www.saucedemo.com/'.</msg>
<status status="PASS" starttime="20220423 18:09:34.090" endtime="20220423 18:09:36.328"/>
</kw>
<kw name="Input Text" library="SeleniumLibrary">
<arg>id:user-name</arg>
<arg>${standardUser}</arg>
<doc>Types the given ``text`` into the text field identified by ``locator``.</doc>
<msg timestamp="20220423 18:09:36.329" level="INFO">Typing text 'standard_user' into text field 'id:user-name'.</msg>
<status status="PASS" starttime="20220423 18:09:36.328" endtime="20220423 18:09:36.507"/>
</kw>
<kw name="Input Password" library="SeleniumLibrary">
<arg>id:password</arg>
<arg>${correct_password}</arg>
<doc>Types the given password into the text field identified by ``locator``.</doc>
<msg timestamp="20220423 18:09:36.507" level="INFO">Typing password into text field 'id:password'.</msg>
<msg timestamp="20220423 18:09:36.566" level="INFO">Temporally setting log level to: NONE</msg>
<msg timestamp="20220423 18:09:36.649" level="INFO">Log level changed from NONE to INFO.</msg>
<status status="PASS" starttime="20220423 18:09:36.507" endtime="20220423 18:09:36.649"/>
</kw>
<kw name="Click Element" library="SeleniumLibrary">
<arg>id:login-button</arg>
<doc>Click the element identified by ``locator``.</doc>
<msg timestamp="20220423 18:09:36.649" level="INFO">Clicking element 'id:login-button'.</msg>
<status status="PASS" starttime="20220423 18:09:36.649" endtime="20220423 18:09:36.880"/>
</kw>
<kw name="Page Should Contain" library="SeleniumLibrary">
<arg>Sauce Labs Backpack</arg>
<doc>Verifies that current page contains ``text``.</doc>
<msg timestamp="20220423 18:09:37.061" level="INFO">Current page contains text 'Sauce Labs Backpack'.</msg>
<status status="PASS" starttime="20220423 18:09:36.880" endtime="20220423 18:09:37.061"/>
</kw>
<status status="PASS" starttime="20220423 18:09:34.086" endtime="20220423 18:09:37.062"/>
</kw>
<kw name="Click Element" library="SeleniumLibrary">
<arg>id:add-to-cart-sauce-labs-fleece-jacket</arg>
<doc>Click the element identified by ``locator``.</doc>
<msg timestamp="20220423 18:09:37.064" level="INFO">Clicking element 'id:add-to-cart-sauce-labs-fleece-jacket'.</msg>
<status status="PASS" starttime="20220423 18:09:37.063" endtime="20220423 18:09:37.150"/>
</kw>
<kw name="Get Element Count" library="SeleniumLibrary">
<var>${count}</var>
<arg>xpath:/html/body/div[1]/div/div/div[1]/div[1]/div[3]/a/span</arg>
<doc>Returns the number of elements matching ``locator``.</doc>
<msg timestamp="20220423 18:09:37.174" level="INFO">${count} = 1</msg>
<status status="PASS" starttime="20220423 18:09:37.150" endtime="20220423 18:09:37.174"/>
</kw>
<kw name="Run Keyword If" library="BuiltIn">
<arg>${count} &gt; 0</arg>
<arg>check fleece-jacket in cart</arg>
<arg>ELSE</arg>
<arg>FAIL</arg>
<arg>Item not added to carts</arg>
<doc>Runs the given keyword with the given arguments, if ``condition`` is true.</doc>
<kw name="check fleece-jacket in cart">
<kw name="Click Element" library="SeleniumLibrary">
<arg>xpath:/html/body/div[1]/div/div/div[1]/div[1]/div[3]/a</arg>
<doc>Click the element identified by ``locator``.</doc>
<msg timestamp="20220423 18:09:37.177" level="INFO">Clicking element 'xpath:/html/body/div[1]/div/div/div[1]/div[1]/div[3]/a'.</msg>
<status status="PASS" starttime="20220423 18:09:37.176" endtime="20220423 18:09:37.266"/>
</kw>
<kw name="Page Should Contain" library="SeleniumLibrary">
<arg>Sauce Labs Fleece Jacket</arg>
<doc>Verifies that current page contains ``text``.</doc>
<msg timestamp="20220423 18:09:37.284" level="INFO">Current page contains text 'Sauce Labs Fleece Jacket'.</msg>
<status status="PASS" starttime="20220423 18:09:37.266" endtime="20220423 18:09:37.284"/>
</kw>
<status status="PASS" starttime="20220423 18:09:37.176" endtime="20220423 18:09:37.284"/>
</kw>
<status status="PASS" starttime="20220423 18:09:37.175" endtime="20220423 18:09:37.284"/>
</kw>
<kw name="test shutdown" type="TEARDOWN">
<kw name="Close Browser" library="SeleniumLibrary">
<doc>Closes the current browser.</doc>
<status status="PASS" starttime="20220423 18:09:37.286" endtime="20220423 18:09:39.526"/>
</kw>
<status status="PASS" starttime="20220423 18:09:37.285" endtime="20220423 18:09:39.526"/>
</kw>
<tag>functional</tag>
<status status="PASS" starttime="20220423 18:09:34.083" endtime="20220423 18:09:39.528"/>
</test>
<test id="s1-t5" name="add Onesie" line="42">
<kw name="login to sauceLabs" type="SETUP">
<kw name="Open Browser" library="SeleniumLibrary">
<arg>https://www.saucedemo.com/</arg>
<arg>chrome</arg>
<doc>Opens a new browser instance to the optional ``url``.</doc>
<msg timestamp="20220423 18:09:39.543" level="INFO">Opening browser 'chrome' to base url 'https://www.saucedemo.com/'.</msg>
<status status="PASS" starttime="20220423 18:09:39.540" endtime="20220423 18:09:41.695"/>
</kw>
<kw name="Input Text" library="SeleniumLibrary">
<arg>id:user-name</arg>
<arg>${standardUser}</arg>
<doc>Types the given ``text`` into the text field identified by ``locator``.</doc>
<msg timestamp="20220423 18:09:41.695" level="INFO">Typing text 'standard_user' into text field 'id:user-name'.</msg>
<status status="PASS" starttime="20220423 18:09:41.695" endtime="20220423 18:09:41.888"/>
</kw>
<kw name="Input Password" library="SeleniumLibrary">
<arg>id:password</arg>
<arg>${correct_password}</arg>
<doc>Types the given password into the text field identified by ``locator``.</doc>
<msg timestamp="20220423 18:09:41.889" level="INFO">Typing password into text field 'id:password'.</msg>
<msg timestamp="20220423 18:09:41.953" level="INFO">Temporally setting log level to: NONE</msg>
<msg timestamp="20220423 18:09:42.038" level="INFO">Log level changed from NONE to INFO.</msg>
<status status="PASS" starttime="20220423 18:09:41.889" endtime="20220423 18:09:42.038"/>
</kw>
<kw name="Click Element" library="SeleniumLibrary">
<arg>id:login-button</arg>
<doc>Click the element identified by ``locator``.</doc>
<msg timestamp="20220423 18:09:42.039" level="INFO">Clicking element 'id:login-button'.</msg>
<status status="PASS" starttime="20220423 18:09:42.038" endtime="20220423 18:09:42.218"/>
</kw>
<kw name="Page Should Contain" library="SeleniumLibrary">
<arg>Sauce Labs Backpack</arg>
<doc>Verifies that current page contains ``text``.</doc>
<msg timestamp="20220423 18:09:42.394" level="INFO">Current page contains text 'Sauce Labs Backpack'.</msg>
<status status="PASS" starttime="20220423 18:09:42.218" endtime="20220423 18:09:42.394"/>
</kw>
<status status="PASS" starttime="20220423 18:09:39.538" endtime="20220423 18:09:42.394"/>
</kw>
<kw name="Click Element" library="SeleniumLibrary">
<arg>id:add-to-cart-sauce-labs-onesie</arg>
<doc>Click the element identified by ``locator``.</doc>
<msg timestamp="20220423 18:09:42.396" level="INFO">Clicking element 'id:add-to-cart-sauce-labs-onesie'.</msg>
<status status="PASS" starttime="20220423 18:09:42.396" endtime="20220423 18:09:42.510"/>
</kw>
<kw name="Get Element Count" library="SeleniumLibrary">
<var>${count}</var>
<arg>xpath:/html/body/div[1]/div/div/div[1]/div[1]/div[3]/a/span</arg>
<doc>Returns the number of elements matching ``locator``.</doc>
<msg timestamp="20220423 18:09:42.532" level="INFO">${count} = 1</msg>
<status status="PASS" starttime="20220423 18:09:42.511" endtime="20220423 18:09:42.532"/>
</kw>
<kw name="Run Keyword If" library="BuiltIn">
<arg>${count} &gt; 0</arg>
<arg>check Onesie in cart</arg>
<arg>ELSE</arg>
<arg>FAIL</arg>
<arg>Item not added to carts</arg>
<doc>Runs the given keyword with the given arguments, if ``condition`` is true.</doc>
<kw name="check Onesie in cart">
<kw name="Click Element" library="SeleniumLibrary">
<arg>xpath:/html/body/div[1]/div/div/div[1]/div[1]/div[3]/a</arg>
<doc>Click the element identified by ``locator``.</doc>
<msg timestamp="20220423 18:09:42.535" level="INFO">Clicking element 'xpath:/html/body/div[1]/div/div/div[1]/div[1]/div[3]/a'.</msg>
<status status="PASS" starttime="20220423 18:09:42.534" endtime="20220423 18:09:42.640"/>
</kw>
<kw name="Page Should Contain" library="SeleniumLibrary">
<arg>Sauce Labs Onesie</arg>
<doc>Verifies that current page contains ``text``.</doc>
<msg timestamp="20220423 18:09:42.658" level="INFO">Current page contains text 'Sauce Labs Onesie'.</msg>
<status status="PASS" starttime="20220423 18:09:42.640" endtime="20220423 18:09:42.658"/>
</kw>
<status status="PASS" starttime="20220423 18:09:42.534" endtime="20220423 18:09:42.658"/>
</kw>
<status status="PASS" starttime="20220423 18:09:42.533" endtime="20220423 18:09:42.658"/>
</kw>
<kw name="test shutdown" type="TEARDOWN">
<kw name="Close Browser" library="SeleniumLibrary">
<doc>Closes the current browser.</doc>
<status status="PASS" starttime="20220423 18:09:42.659" endtime="20220423 18:09:44.889"/>
</kw>
<status status="PASS" starttime="20220423 18:09:42.659" endtime="20220423 18:09:44.890"/>
</kw>
<tag>functional</tag>
<status status="PASS" starttime="20220423 18:09:39.535" endtime="20220423 18:09:44.892"/>
</test>
<test id="s1-t6" name="add Test all t-shirt" line="49">
<kw name="login to sauceLabs" type="SETUP">
<kw name="Open Browser" library="SeleniumLibrary">
<arg>https://www.saucedemo.com/</arg>
<arg>chrome</arg>
<doc>Opens a new browser instance to the optional ``url``.</doc>
<msg timestamp="20220423 18:09:44.910" level="INFO">Opening browser 'chrome' to base url 'https://www.saucedemo.com/'.</msg>
<status status="PASS" starttime="20220423 18:09:44.908" endtime="20220423 18:09:47.116"/>
</kw>
<kw name="Input Text" library="SeleniumLibrary">
<arg>id:user-name</arg>
<arg>${standardUser}</arg>
<doc>Types the given ``text`` into the text field identified by ``locator``.</doc>
<msg timestamp="20220423 18:09:47.118" level="INFO">Typing text 'standard_user' into text field 'id:user-name'.</msg>
<status status="PASS" starttime="20220423 18:09:47.117" endtime="20220423 18:09:47.310"/>
</kw>
<kw name="Input Password" library="SeleniumLibrary">
<arg>id:password</arg>
<arg>${correct_password}</arg>
<doc>Types the given password into the text field identified by ``locator``.</doc>
<msg timestamp="20220423 18:09:47.311" level="INFO">Typing password into text field 'id:password'.</msg>
<msg timestamp="20220423 18:09:47.377" level="INFO">Temporally setting log level to: NONE</msg>
<msg timestamp="20220423 18:09:47.461" level="INFO">Log level changed from NONE to INFO.</msg>
<status status="PASS" starttime="20220423 18:09:47.311" endtime="20220423 18:09:47.462"/>
</kw>
<kw name="Click Element" library="SeleniumLibrary">
<arg>id:login-button</arg>
<doc>Click the element identified by ``locator``.</doc>
<msg timestamp="20220423 18:09:47.462" level="INFO">Clicking element 'id:login-button'.</msg>
<status status="PASS" starttime="20220423 18:09:47.462" endtime="20220423 18:09:47.651"/>
</kw>
<kw name="Page Should Contain" library="SeleniumLibrary">
<arg>Sauce Labs Backpack</arg>
<doc>Verifies that current page contains ``text``.</doc>
<msg timestamp="20220423 18:09:47.908" level="INFO">Current page contains text 'Sauce Labs Backpack'.</msg>
<status status="PASS" starttime="20220423 18:09:47.652" endtime="20220423 18:09:47.908"/>
</kw>
<status status="PASS" starttime="20220423 18:09:44.904" endtime="20220423 18:09:47.909"/>
</kw>
<kw name="Click Element" library="SeleniumLibrary">
<arg>id:add-to-cart-test.allthethings()-t-shirt-(red)</arg>
<doc>Click the element identified by ``locator``.</doc>
<msg timestamp="20220423 18:09:47.915" level="INFO">Clicking element 'id:add-to-cart-test.allthethings()-t-shirt-(red)'.</msg>
<status status="PASS" starttime="20220423 18:09:47.914" endtime="20220423 18:09:48.027"/>
</kw>
<kw name="Get Element Count" library="SeleniumLibrary">
<var>${count}</var>
<arg>xpath:/html/body/div[1]/div/div/div[1]/div[1]/div[3]/a/span</arg>
<doc>Returns the number of elements matching ``locator``.</doc>
<msg timestamp="20220423 18:09:48.054" level="INFO">${count} = 1</msg>
<status status="PASS" starttime="20220423 18:09:48.028" endtime="20220423 18:09:48.055"/>
</kw>
<kw name="Run Keyword If" library="BuiltIn">
<arg>${count} &gt; 0</arg>
<arg>check Test-all-things-Tshirt in cart</arg>
<arg>ELSE</arg>
<arg>FAIL</arg>
<arg>Item not added to carts</arg>
<doc>Runs the given keyword with the given arguments, if ``condition`` is true.</doc>
<kw name="check Test-all-things-Tshirt in cart">
<kw name="Click Element" library="SeleniumLibrary">
<arg>xpath:/html/body/div[1]/div/div/div[1]/div[1]/div[3]/a</arg>
<doc>Click the element identified by ``locator``.</doc>
<msg timestamp="20220423 18:09:48.058" level="INFO">Clicking element 'xpath:/html/body/div[1]/div/div/div[1]/div[1]/div[3]/a'.</msg>
<status status="PASS" starttime="20220423 18:09:48.057" endtime="20220423 18:09:48.140"/>
</kw>
<kw name="Page Should Contain" library="SeleniumLibrary">
<arg>Test.allTheThings() T-Shirt (Red)</arg>
<doc>Verifies that current page contains ``text``.</doc>
<msg timestamp="20220423 18:09:48.157" level="INFO">Current page contains text 'Test.allTheThings() T-Shirt (Red)'.</msg>
<status status="PASS" starttime="20220423 18:09:48.140" endtime="20220423 18:09:48.157"/>
</kw>
<status status="PASS" starttime="20220423 18:09:48.057" endtime="20220423 18:09:48.157"/>
</kw>
<status status="PASS" starttime="20220423 18:09:48.055" endtime="20220423 18:09:48.157"/>
</kw>
<kw name="test shutdown" type="TEARDOWN">
<kw name="Close Browser" library="SeleniumLibrary">
<doc>Closes the current browser.</doc>
<status status="PASS" starttime="20220423 18:09:48.159" endtime="20220423 18:09:50.375"/>
</kw>
<status status="PASS" starttime="20220423 18:09:48.158" endtime="20220423 18:09:50.375"/>
</kw>
<tag>functional</tag>
<status status="PASS" starttime="20220423 18:09:44.900" endtime="20220423 18:09:50.377"/>
</test>
<kw name="shutdown" type="TEARDOWN">
<kw name="Close All Browsers" library="SeleniumLibrary">
<doc>Closes all open browsers and resets the browser cache.</doc>
<status status="PASS" starttime="20220423 18:09:50.387" endtime="20220423 18:09:50.388"/>
</kw>
<status status="PASS" starttime="20220423 18:09:50.386" endtime="20220423 18:09:50.390"/>
</kw>
<status status="PASS" starttime="20220423 18:09:17.389" endtime="20220423 18:09:50.390"/>
</suite>
<statistics>
<total>
<stat pass="6" fail="0" skip="0">All Tests</stat>
</total>
<tag>
<stat pass="6" fail="0" skip="0">functional</stat>
</tag>
<suite>
<stat pass="6" fail="0" skip="0" id="s1" name="Cart">Cart</stat>
</suite>
</statistics>
<errors>
</errors>
</robot>
