<?xml version="1.0" encoding="UTF-8"?>
<robot generator="Robot 5.0 (Python 3.10.4 on win32)" generated="20220423 14:23:20.653" rpa="false" schemaversion="3">
<suite id="s1" name="loginD" source="C:\Users\Dell\OneDrive\Desktop\robotlearning\login testing\loginD.robot">
<test id="s1-t1" name="Invalid Username" line="10">
<kw name="login">
<arg>Muzammil</arg>
<arg>secret_sauce</arg>
<kw name="log on to the sauceLabs">
<kw name="Open Browser" library="SeleniumLibrary">
<arg>https://www.saucedemo.com/</arg>
<arg>chrome</arg>
<doc>Opens a new browser instance to the optional ``url``.</doc>
<msg timestamp="20220423 14:23:21.167" level="INFO">Opening browser 'chrome' to base url 'https://www.saucedemo.com/'.</msg>
<status status="PASS" starttime="20220423 14:23:21.166" endtime="20220423 14:23:23.547"/>
</kw>
<status status="PASS" starttime="20220423 14:23:21.166" endtime="20220423 14:23:23.548"/>
</kw>
<kw name="Input Text" library="SeleniumLibrary">
<arg>id:user-name</arg>
<arg>${username}</arg>
<doc>Types the given ``text`` into the text field identified by ``locator``.</doc>
<msg timestamp="20220423 14:23:23.550" level="INFO">Typing text 'Muzammil' into text field 'id:user-name'.</msg>
<status status="PASS" starttime="20220423 14:23:23.550" endtime="20220423 14:23:23.714"/>
</kw>
<kw name="Input Password" library="SeleniumLibrary">
<arg>id:password</arg>
<arg>${password}</arg>
<doc>Types the given password into the text field identified by ``locator``.</doc>
<msg timestamp="20220423 14:23:23.714" level="INFO">Typing password into text field 'id:password'.</msg>
<msg timestamp="20220423 14:23:23.838" level="INFO">Temporally setting log level to: NONE</msg>
<msg timestamp="20220423 14:23:23.928" level="INFO">Log level changed from NONE to INFO.</msg>
<status status="PASS" starttime="20220423 14:23:23.714" endtime="20220423 14:23:23.928"/>
</kw>
<kw name="Click Element" library="SeleniumLibrary">
<arg>id:login-button</arg>
<doc>Click the element identified by ``locator``.</doc>
<msg timestamp="20220423 14:23:23.929" level="INFO">Clicking element 'id:login-button'.</msg>
<status status="PASS" starttime="20220423 14:23:23.929" endtime="20220423 14:23:23.992"/>
</kw>
<kw name="Page Should Contain" library="SeleniumLibrary">
<arg>Sauce Labs Backpack</arg>
<doc>Verifies that current page contains ``text``.</doc>
<msg timestamp="20220423 14:23:24.206" level="INFO" html="true">&lt;/td&gt;&lt;/tr&gt;&lt;tr&gt;&lt;td colspan="3"&gt;&lt;a href="selenium-screenshot-1.png"&gt;&lt;img src="selenium-screenshot-1.png" width="800px"&gt;&lt;/a&gt;</msg>
<msg timestamp="20220423 14:23:24.208" level="FAIL">Page should have contained text 'Sauce Labs Backpack' but did not.</msg>
<status status="FAIL" starttime="20220423 14:23:23.993" endtime="20220423 14:23:24.211"/>
</kw>
<kw name="Close Browser" library="SeleniumLibrary">
<doc>Closes the current browser.</doc>
<status status="NOT RUN" starttime="20220423 14:23:24.212" endtime="20220423 14:23:24.212"/>
</kw>
<status status="FAIL" starttime="20220423 14:23:21.165" endtime="20220423 14:23:24.214"/>
</kw>
<status status="FAIL" starttime="20220423 14:23:21.164" endtime="20220423 14:23:24.216">Page should have contained text 'Sauce Labs Backpack' but did not.</status>
</test>
<test id="s1-t2" name="Invalid Paswword" line="11">
<kw name="login">
<arg>standard_user</arg>
<arg>khan</arg>
<kw name="log on to the sauceLabs">
<kw name="Open Browser" library="SeleniumLibrary">
<arg>https://www.saucedemo.com/</arg>
<arg>chrome</arg>
<doc>Opens a new browser instance to the optional ``url``.</doc>
<msg timestamp="20220423 14:23:24.223" level="INFO">Opening browser 'chrome' to base url 'https://www.saucedemo.com/'.</msg>
<status status="PASS" starttime="20220423 14:23:24.223" endtime="20220423 14:23:26.358"/>
</kw>
<status status="PASS" starttime="20220423 14:23:24.222" endtime="20220423 14:23:26.359"/>
</kw>
<kw name="Input Text" library="SeleniumLibrary">
<arg>id:user-name</arg>
<arg>${username}</arg>
<doc>Types the given ``text`` into the text field identified by ``locator``.</doc>
<msg timestamp="20220423 14:23:26.360" level="INFO">Typing text 'standard_user' into text field 'id:user-name'.</msg>
<status status="PASS" starttime="20220423 14:23:26.359" endtime="20220423 14:23:26.564"/>
</kw>
<kw name="Input Password" library="SeleniumLibrary">
<arg>id:password</arg>
<arg>${password}</arg>
<doc>Types the given password into the text field identified by ``locator``.</doc>
<msg timestamp="20220423 14:23:26.565" level="INFO">Typing password into text field 'id:password'.</msg>
<msg timestamp="20220423 14:23:26.634" level="INFO">Temporally setting log level to: NONE</msg>
<msg timestamp="20220423 14:23:26.722" level="INFO">Log level changed from NONE to INFO.</msg>
<status status="PASS" starttime="20220423 14:23:26.564" endtime="20220423 14:23:26.722"/>
</kw>
<kw name="Click Element" library="SeleniumLibrary">
<arg>id:login-button</arg>
<doc>Click the element identified by ``locator``.</doc>
<msg timestamp="20220423 14:23:26.723" level="INFO">Clicking element 'id:login-button'.</msg>
<status status="PASS" starttime="20220423 14:23:26.722" endtime="20220423 14:23:26.836"/>
</kw>
<kw name="Page Should Contain" library="SeleniumLibrary">
<arg>Sauce Labs Backpack</arg>
<doc>Verifies that current page contains ``text``.</doc>
<msg timestamp="20220423 14:23:27.079" level="INFO" html="true">&lt;/td&gt;&lt;/tr&gt;&lt;tr&gt;&lt;td colspan="3"&gt;&lt;a href="selenium-screenshot-2.png"&gt;&lt;img src="selenium-screenshot-2.png" width="800px"&gt;&lt;/a&gt;</msg>
<msg timestamp="20220423 14:23:27.080" level="FAIL">Page should have contained text 'Sauce Labs Backpack' but did not.</msg>
<status status="FAIL" starttime="20220423 14:23:26.836" endtime="20220423 14:23:27.080"/>
</kw>
<kw name="Close Browser" library="SeleniumLibrary">
<doc>Closes the current browser.</doc>
<status status="NOT RUN" starttime="20220423 14:23:27.081" endtime="20220423 14:23:27.081"/>
</kw>
<status status="FAIL" starttime="20220423 14:23:24.221" endtime="20220423 14:23:27.083"/>
</kw>
<status status="FAIL" starttime="20220423 14:23:24.219" endtime="20220423 14:23:27.084">Page should have contained text 'Sauce Labs Backpack' but did not.</status>
</test>
<test id="s1-t3" name="Empty Username" line="12">
<kw name="login">
<arg>${Empty}</arg>
<arg>secret_sauce</arg>
<kw name="log on to the sauceLabs">
<kw name="Open Browser" library="SeleniumLibrary">
<arg>https://www.saucedemo.com/</arg>
<arg>chrome</arg>
<doc>Opens a new browser instance to the optional ``url``.</doc>
<msg timestamp="20220423 14:23:27.092" level="INFO">Opening browser 'chrome' to base url 'https://www.saucedemo.com/'.</msg>
<status status="PASS" starttime="20220423 14:23:27.091" endtime="20220423 14:23:29.351"/>
</kw>
<status status="PASS" starttime="20220423 14:23:27.090" endtime="20220423 14:23:29.352"/>
</kw>
<kw name="Input Text" library="SeleniumLibrary">
<arg>id:user-name</arg>
<arg>${username}</arg>
<doc>Types the given ``text`` into the text field identified by ``locator``.</doc>
<msg timestamp="20220423 14:23:29.353" level="INFO">Typing text '' into text field 'id:user-name'.</msg>
<status status="PASS" starttime="20220423 14:23:29.352" endtime="20220423 14:23:29.519"/>
</kw>
<kw name="Input Password" library="SeleniumLibrary">
<arg>id:password</arg>
<arg>${password}</arg>
<doc>Types the given password into the text field identified by ``locator``.</doc>
<msg timestamp="20220423 14:23:29.520" level="INFO">Typing password into text field 'id:password'.</msg>
<msg timestamp="20220423 14:23:29.591" level="INFO">Temporally setting log level to: NONE</msg>
<msg timestamp="20220423 14:23:29.750" level="INFO">Log level changed from NONE to INFO.</msg>
<status status="PASS" starttime="20220423 14:23:29.519" endtime="20220423 14:23:29.750"/>
</kw>
<kw name="Click Element" library="SeleniumLibrary">
<arg>id:login-button</arg>
<doc>Click the element identified by ``locator``.</doc>
<msg timestamp="20220423 14:23:29.751" level="INFO">Clicking element 'id:login-button'.</msg>
<status status="PASS" starttime="20220423 14:23:29.750" endtime="20220423 14:23:29.858"/>
</kw>
<kw name="Page Should Contain" library="SeleniumLibrary">
<arg>Sauce Labs Backpack</arg>
<doc>Verifies that current page contains ``text``.</doc>
<msg timestamp="20220423 14:23:30.161" level="INFO" html="true">&lt;/td&gt;&lt;/tr&gt;&lt;tr&gt;&lt;td colspan="3"&gt;&lt;a href="selenium-screenshot-3.png"&gt;&lt;img src="selenium-screenshot-3.png" width="800px"&gt;&lt;/a&gt;</msg>
<msg timestamp="20220423 14:23:30.162" level="FAIL">Page should have contained text 'Sauce Labs Backpack' but did not.</msg>
<status status="FAIL" starttime="20220423 14:23:29.859" endtime="20220423 14:23:30.163"/>
</kw>
<kw name="Close Browser" library="SeleniumLibrary">
<doc>Closes the current browser.</doc>
<status status="NOT RUN" starttime="20220423 14:23:30.164" endtime="20220423 14:23:30.164"/>
</kw>
<status status="FAIL" starttime="20220423 14:23:27.088" endtime="20220423 14:23:30.165"/>
</kw>
<status status="FAIL" starttime="20220423 14:23:27.087" endtime="20220423 14:23:30.182">Page should have contained text 'Sauce Labs Backpack' but did not.</status>
</test>
<test id="s1-t4" name="Empty password" line="13">
<kw name="login">
<arg>standard_user</arg>
<arg>${Empty}</arg>
<kw name="log on to the sauceLabs">
<kw name="Open Browser" library="SeleniumLibrary">
<arg>https://www.saucedemo.com/</arg>
<arg>chrome</arg>
<doc>Opens a new browser instance to the optional ``url``.</doc>
<msg timestamp="20220423 14:23:30.214" level="INFO">Opening browser 'chrome' to base url 'https://www.saucedemo.com/'.</msg>
<status status="PASS" starttime="20220423 14:23:30.213" endtime="20220423 14:23:32.652"/>
</kw>
<status status="PASS" starttime="20220423 14:23:30.212" endtime="20220423 14:23:32.653"/>
</kw>
<kw name="Input Text" library="SeleniumLibrary">
<arg>id:user-name</arg>
<arg>${username}</arg>
<doc>Types the given ``text`` into the text field identified by ``locator``.</doc>
<msg timestamp="20220423 14:23:32.653" level="INFO">Typing text 'standard_user' into text field 'id:user-name'.</msg>
<status status="PASS" starttime="20220423 14:23:32.653" endtime="20220423 14:23:32.928"/>
</kw>
<kw name="Input Password" library="SeleniumLibrary">
<arg>id:password</arg>
<arg>${password}</arg>
<doc>Types the given password into the text field identified by ``locator``.</doc>
<msg timestamp="20220423 14:23:32.929" level="INFO">Typing password into text field 'id:password'.</msg>
<msg timestamp="20220423 14:23:33.006" level="INFO">Temporally setting log level to: NONE</msg>
<msg timestamp="20220423 14:23:33.070" level="INFO">Log level changed from NONE to INFO.</msg>
<status status="PASS" starttime="20220423 14:23:32.928" endtime="20220423 14:23:33.070"/>
</kw>
<kw name="Click Element" library="SeleniumLibrary">
<arg>id:login-button</arg>
<doc>Click the element identified by ``locator``.</doc>
<msg timestamp="20220423 14:23:33.071" level="INFO">Clicking element 'id:login-button'.</msg>
<status status="PASS" starttime="20220423 14:23:33.071" endtime="20220423 14:23:33.206"/>
</kw>
<kw name="Page Should Contain" library="SeleniumLibrary">
<arg>Sauce Labs Backpack</arg>
<doc>Verifies that current page contains ``text``.</doc>
<msg timestamp="20220423 14:23:33.475" level="INFO" html="true">&lt;/td&gt;&lt;/tr&gt;&lt;tr&gt;&lt;td colspan="3"&gt;&lt;a href="selenium-screenshot-4.png"&gt;&lt;img src="selenium-screenshot-4.png" width="800px"&gt;&lt;/a&gt;</msg>
<msg timestamp="20220423 14:23:33.476" level="FAIL">Page should have contained text 'Sauce Labs Backpack' but did not.</msg>
<status status="FAIL" starttime="20220423 14:23:33.206" endtime="20220423 14:23:33.477"/>
</kw>
<kw name="Close Browser" library="SeleniumLibrary">
<doc>Closes the current browser.</doc>
<status status="NOT RUN" starttime="20220423 14:23:33.477" endtime="20220423 14:23:33.478"/>
</kw>
<status status="FAIL" starttime="20220423 14:23:30.211" endtime="20220423 14:23:33.479"/>
</kw>
<status status="FAIL" starttime="20220423 14:23:30.208" endtime="20220423 14:23:33.495">Page should have contained text 'Sauce Labs Backpack' but did not.</status>
</test>
<test id="s1-t5" name="Correct Credentials" line="14">
<kw name="login">
<arg>standard_user</arg>
<arg>secret_sauce</arg>
<kw name="log on to the sauceLabs">
<kw name="Open Browser" library="SeleniumLibrary">
<arg>https://www.saucedemo.com/</arg>
<arg>chrome</arg>
<doc>Opens a new browser instance to the optional ``url``.</doc>
<msg timestamp="20220423 14:23:33.515" level="INFO">Opening browser 'chrome' to base url 'https://www.saucedemo.com/'.</msg>
<status status="PASS" starttime="20220423 14:23:33.514" endtime="20220423 14:23:36.225"/>
</kw>
<status status="PASS" starttime="20220423 14:23:33.514" endtime="20220423 14:23:36.226"/>
</kw>
<kw name="Input Text" library="SeleniumLibrary">
<arg>id:user-name</arg>
<arg>${username}</arg>
<doc>Types the given ``text`` into the text field identified by ``locator``.</doc>
<msg timestamp="20220423 14:23:36.227" level="INFO">Typing text 'standard_user' into text field 'id:user-name'.</msg>
<status status="PASS" starttime="20220423 14:23:36.226" endtime="20220423 14:23:36.517"/>
</kw>
<kw name="Input Password" library="SeleniumLibrary">
<arg>id:password</arg>
<arg>${password}</arg>
<doc>Types the given password into the text field identified by ``locator``.</doc>
<msg timestamp="20220423 14:23:36.518" level="INFO">Typing password into text field 'id:password'.</msg>
<msg timestamp="20220423 14:23:36.589" level="INFO">Temporally setting log level to: NONE</msg>
<msg timestamp="20220423 14:23:36.716" level="INFO">Log level changed from NONE to INFO.</msg>
<status status="PASS" starttime="20220423 14:23:36.517" endtime="20220423 14:23:36.716"/>
</kw>
<kw name="Click Element" library="SeleniumLibrary">
<arg>id:login-button</arg>
<doc>Click the element identified by ``locator``.</doc>
<msg timestamp="20220423 14:23:36.717" level="INFO">Clicking element 'id:login-button'.</msg>
<status status="PASS" starttime="20220423 14:23:36.716" endtime="20220423 14:23:37.063"/>
</kw>
<kw name="Page Should Contain" library="SeleniumLibrary">
<arg>Sauce Labs Backpack</arg>
<doc>Verifies that current page contains ``text``.</doc>
<msg timestamp="20220423 14:23:37.099" level="INFO">Current page contains text 'Sauce Labs Backpack'.</msg>
<status status="PASS" starttime="20220423 14:23:37.064" endtime="20220423 14:23:37.099"/>
</kw>
<kw name="Close Browser" library="SeleniumLibrary">
<doc>Closes the current browser.</doc>
<status status="PASS" starttime="20220423 14:23:37.100" endtime="20220423 14:23:42.598"/>
</kw>
<status status="PASS" starttime="20220423 14:23:33.513" endtime="20220423 14:23:42.598"/>
</kw>
<status status="PASS" starttime="20220423 14:23:33.508" endtime="20220423 14:23:42.599"/>
</test>
<kw name="suite shutdown" type="TEARDOWN">
<kw name="Close All Browsers" library="SeleniumLibrary">
<doc>Closes all open browsers and resets the browser cache.</doc>
<status status="PASS" starttime="20220423 14:23:42.603" endtime="20220423 14:23:52.076"/>
</kw>
<status status="PASS" starttime="20220423 14:23:42.602" endtime="20220423 14:23:52.077"/>
</kw>
<status status="FAIL" starttime="20220423 14:23:20.657" endtime="20220423 14:23:52.077"/>
</suite>
<statistics>
<total>
<stat pass="1" fail="4" skip="0">All Tests</stat>
</total>
<tag>
</tag>
<suite>
<stat pass="1" fail="4" skip="0" id="s1" name="loginD">loginD</stat>
</suite>
</statistics>
<errors>
</errors>
</robot>
