<?xml version="1.0" encoding="UTF-8"?>
<robot generator="Robot 5.0 (Python 3.10.4 on win32)" generated="20220405 10:39:41.569" rpa="false" schemaversion="3">
<suite id="s1" name="Login" source="C:\Users\Dell\Desktop\robotlearning\login testing\login.robot">
<test id="s1-t1" name="login_pass" line="8">
<kw name="log on to the sauceLabs">
<kw name="Open Browser" library="SeleniumLibrary">
<arg>https://www.saucedemo.com/</arg>
<arg>chrome</arg>
<doc>Opens a new browser instance to the optional ``url``.</doc>
<msg timestamp="20220405 10:39:41.874" level="INFO">Opening browser 'chrome' to base url 'https://www.saucedemo.com/'.</msg>
<status status="PASS" starttime="20220405 10:39:41.873" endtime="20220405 10:39:43.923"/>
</kw>
<status status="PASS" starttime="20220405 10:39:41.873" endtime="20220405 10:39:43.924"/>
</kw>
<kw name="enter valid credentials">
<kw name="Input Text" library="SeleniumLibrary">
<arg>id:user-name</arg>
<arg>standard_user</arg>
<doc>Types the given ``text`` into the text field identified by ``locator``.</doc>
<msg timestamp="20220405 10:39:43.927" level="INFO">Typing text 'standard_user' into text field 'id:user-name'.</msg>
<status status="PASS" starttime="20220405 10:39:43.926" endtime="20220405 10:39:44.172"/>
</kw>
<kw name="Input Password" library="SeleniumLibrary">
<arg>id:password</arg>
<arg>${password_correct}</arg>
<doc>Types the given password into the text field identified by ``locator``.</doc>
<msg timestamp="20220405 10:39:44.173" level="INFO">Typing password into text field 'id:password'.</msg>
<msg timestamp="20220405 10:39:44.244" level="INFO">Temporally setting log level to: NONE</msg>
<msg timestamp="20220405 10:39:44.385" level="INFO">Log level changed from NONE to INFO.</msg>
<status status="PASS" starttime="20220405 10:39:44.172" endtime="20220405 10:39:44.385"/>
</kw>
<kw name="Click Element" library="SeleniumLibrary">
<arg>id:login-button</arg>
<doc>Click the element identified by ``locator``.</doc>
<msg timestamp="20220405 10:39:44.386" level="INFO">Clicking element 'id:login-button'.</msg>
<status status="PASS" starttime="20220405 10:39:44.386" endtime="20220405 10:39:44.544"/>
</kw>
<status status="PASS" starttime="20220405 10:39:43.925" endtime="20220405 10:39:44.545"/>
</kw>
<kw name="Page Should Contain Element" library="SeleniumLibrary">
<arg>xpath:/html/body/div/div/div/div[1]/div[2]/span</arg>
<doc>Verifies that element ``locator`` is found on the current page.</doc>
<msg timestamp="20220405 10:39:44.595" level="INFO">Current page contains element 'xpath:/html/body/div/div/div/div[1]/div[2]/span'.</msg>
<status status="PASS" starttime="20220405 10:39:44.546" endtime="20220405 10:39:44.595"/>
</kw>
<kw name="Close Browser" library="SeleniumLibrary">
<doc>Closes the current browser.</doc>
<status status="PASS" starttime="20220405 10:39:44.596" endtime="20220405 10:39:46.956"/>
</kw>
<tag>smoke</tag>
<status status="PASS" starttime="20220405 10:39:41.871" endtime="20220405 10:39:46.958"/>
</test>
<test id="s1-t2" name="login_fail" line="15">
<kw name="log on to the sauceLabs">
<kw name="Open Browser" library="SeleniumLibrary">
<arg>https://www.saucedemo.com/</arg>
<arg>chrome</arg>
<doc>Opens a new browser instance to the optional ``url``.</doc>
<msg timestamp="20220405 10:39:46.967" level="INFO">Opening browser 'chrome' to base url 'https://www.saucedemo.com/'.</msg>
<status status="PASS" starttime="20220405 10:39:46.966" endtime="20220405 10:39:48.741"/>
</kw>
<status status="PASS" starttime="20220405 10:39:46.965" endtime="20220405 10:39:48.741"/>
</kw>
<kw name="enter invalid credentials">
<kw name="Input Text" library="SeleniumLibrary">
<arg>id:user-name</arg>
<arg>muzammil</arg>
<doc>Types the given ``text`` into the text field identified by ``locator``.</doc>
<msg timestamp="20220405 10:39:48.745" level="INFO">Typing text 'muzammil' into text field 'id:user-name'.</msg>
<status status="PASS" starttime="20220405 10:39:48.745" endtime="20220405 10:39:49.044"/>
</kw>
<kw name="Input Password" library="SeleniumLibrary">
<arg>id:password</arg>
<arg>hello</arg>
<doc>Types the given password into the text field identified by ``locator``.</doc>
<msg timestamp="20220405 10:39:49.045" level="INFO">Typing password into text field 'id:password'.</msg>
<msg timestamp="20220405 10:39:49.123" level="INFO">Temporally setting log level to: NONE</msg>
<msg timestamp="20220405 10:39:49.241" level="INFO">Log level changed from NONE to INFO.</msg>
<status status="PASS" starttime="20220405 10:39:49.044" endtime="20220405 10:39:49.241"/>
</kw>
<kw name="Click Element" library="SeleniumLibrary">
<arg>id:login-button</arg>
<doc>Click the element identified by ``locator``.</doc>
<msg timestamp="20220405 10:39:49.242" level="INFO">Clicking element 'id:login-button'.</msg>
<status status="PASS" starttime="20220405 10:39:49.242" endtime="20220405 10:39:49.347"/>
</kw>
<status status="PASS" starttime="20220405 10:39:48.744" endtime="20220405 10:39:49.347"/>
</kw>
<kw name="Page Should Contain" library="SeleniumLibrary">
<arg>Epic sadface: Username and password do not match any user in this service</arg>
<doc>Verifies that current page contains ``text``.</doc>
<msg timestamp="20220405 10:39:49.371" level="INFO">Current page contains text 'Epic sadface: Username and password do not match any user in this service'.</msg>
<status status="PASS" starttime="20220405 10:39:49.348" endtime="20220405 10:39:49.371"/>
</kw>
<kw name="Close Browser" library="SeleniumLibrary">
<doc>Closes the current browser.</doc>
<status status="PASS" starttime="20220405 10:39:49.372" endtime="20220405 10:39:51.639"/>
</kw>
<tag>smoke</tag>
<status status="PASS" starttime="20220405 10:39:46.964" endtime="20220405 10:39:51.640"/>
</test>
<test id="s1-t3" name="logout" line="22">
<kw name="log on to the sauceLabs">
<kw name="Open Browser" library="SeleniumLibrary">
<arg>https://www.saucedemo.com/</arg>
<arg>chrome</arg>
<doc>Opens a new browser instance to the optional ``url``.</doc>
<msg timestamp="20220405 10:39:51.645" level="INFO">Opening browser 'chrome' to base url 'https://www.saucedemo.com/'.</msg>
<status status="PASS" starttime="20220405 10:39:51.645" endtime="20220405 10:39:53.482"/>
</kw>
<status status="PASS" starttime="20220405 10:39:51.644" endtime="20220405 10:39:53.482"/>
</kw>
<kw name="enter valid credentials">
<kw name="Input Text" library="SeleniumLibrary">
<arg>id:user-name</arg>
<arg>standard_user</arg>
<doc>Types the given ``text`` into the text field identified by ``locator``.</doc>
<msg timestamp="20220405 10:39:53.488" level="INFO">Typing text 'standard_user' into text field 'id:user-name'.</msg>
<status status="PASS" starttime="20220405 10:39:53.487" endtime="20220405 10:39:53.709"/>
</kw>
<kw name="Input Password" library="SeleniumLibrary">
<arg>id:password</arg>
<arg>${password_correct}</arg>
<doc>Types the given password into the text field identified by ``locator``.</doc>
<msg timestamp="20220405 10:39:53.709" level="INFO">Typing password into text field 'id:password'.</msg>
<msg timestamp="20220405 10:39:53.780" level="INFO">Temporally setting log level to: NONE</msg>
<msg timestamp="20220405 10:39:53.921" level="INFO">Log level changed from NONE to INFO.</msg>
<status status="PASS" starttime="20220405 10:39:53.709" endtime="20220405 10:39:53.921"/>
</kw>
<kw name="Click Element" library="SeleniumLibrary">
<arg>id:login-button</arg>
<doc>Click the element identified by ``locator``.</doc>
<msg timestamp="20220405 10:39:53.922" level="INFO">Clicking element 'id:login-button'.</msg>
<status status="PASS" starttime="20220405 10:39:53.922" endtime="20220405 10:39:54.104"/>
</kw>
<status status="PASS" starttime="20220405 10:39:53.486" endtime="20220405 10:39:54.104"/>
</kw>
<kw name="Page Should Contain Element" library="SeleniumLibrary">
<arg>xpath:/html/body/div/div/div/div[1]/div[2]/span</arg>
<doc>Verifies that element ``locator`` is found on the current page.</doc>
<msg timestamp="20220405 10:39:54.152" level="INFO">Current page contains element 'xpath:/html/body/div/div/div/div[1]/div[2]/span'.</msg>
<status status="PASS" starttime="20220405 10:39:54.106" endtime="20220405 10:39:54.153"/>
</kw>
<kw name="Click Element" library="SeleniumLibrary">
<arg>id:react-burger-menu-btn</arg>
<doc>Click the element identified by ``locator``.</doc>
<msg timestamp="20220405 10:39:54.156" level="INFO">Clicking element 'id:react-burger-menu-btn'.</msg>
<status status="PASS" starttime="20220405 10:39:54.155" endtime="20220405 10:39:54.232"/>
</kw>
<kw name="Sleep" library="BuiltIn">
<arg>1s</arg>
<doc>Pauses the test executed for the given time.</doc>
<msg timestamp="20220405 10:39:55.243" level="INFO">Slept 1 second</msg>
<status status="PASS" starttime="20220405 10:39:54.235" endtime="20220405 10:39:55.244"/>
</kw>
<kw name="Click Element" library="SeleniumLibrary">
<arg>id:logout_sidebar_link</arg>
<doc>Click the element identified by ``locator``.</doc>
<msg timestamp="20220405 10:39:55.247" level="INFO">Clicking element 'id:logout_sidebar_link'.</msg>
<status status="PASS" starttime="20220405 10:39:55.245" endtime="20220405 10:39:55.332"/>
</kw>
<kw name="Page Should Contain Element" library="SeleniumLibrary">
<arg>id:login-button</arg>
<doc>Verifies that element ``locator`` is found on the current page.</doc>
<msg timestamp="20220405 10:39:55.346" level="INFO">Current page contains element 'id:login-button'.</msg>
<status status="PASS" starttime="20220405 10:39:55.333" endtime="20220405 10:39:55.346"/>
</kw>
<kw name="Close Browser" library="SeleniumLibrary">
<doc>Closes the current browser.</doc>
<status status="PASS" starttime="20220405 10:39:55.347" endtime="20220405 10:39:57.647"/>
</kw>
<status status="PASS" starttime="20220405 10:39:51.643" endtime="20220405 10:39:57.651"/>
</test>
<status status="PASS" starttime="20220405 10:39:41.572" endtime="20220405 10:39:57.661"/>
</suite>
<statistics>
<total>
<stat pass="3" fail="0" skip="0">All Tests</stat>
</total>
<tag>
<stat pass="2" fail="0" skip="0">smoke</stat>
</tag>
<suite>
<stat pass="3" fail="0" skip="0" id="s1" name="Login">Login</stat>
</suite>
</statistics>
<errors>
</errors>
</robot>
