<?xml version="1.0" encoding="UTF-8"?>
<robot generator="Robot 5.0 (Python 3.10.4 on win32)" generated="20220625 19:22:56.392" rpa="false" schemaversion="3">
<suite id="s1" name="Functional" source="C:\Users\Dell\OneDrive\Desktop\robotlearning\login testing\functional.robot">
<test id="s1-t1" name="performance_glitch_user" line="30">
<kw name="log on to sauceLabs" type="SETUP">
<kw name="Open Browser" library="SeleniumLibrary">
<arg>https://www.saucedemo.com/</arg>
<arg>chrome</arg>
<doc>Opens a new browser instance to the optional ``url``.</doc>
<msg timestamp="20220625 19:22:56.757" level="INFO">Opening browser 'chrome' to base url 'https://www.saucedemo.com/'.</msg>
<status status="PASS" starttime="20220625 19:22:56.756" endtime="20220625 19:22:59.743"/>
</kw>
<status status="PASS" starttime="20220625 19:22:56.755" endtime="20220625 19:22:59.748"/>
</kw>
<kw name="Enter Credentials">
<arg>performance_glitch_user</arg>
<arg>secret_sauce</arg>
<kw name="Input Text" library="SeleniumLibrary">
<arg>${username_field}</arg>
<arg>${username}</arg>
<doc>Types the given ``text`` into the text field identified by ``locator``.</doc>
<msg timestamp="20220625 19:22:59.753" level="INFO">Typing text 'performance_glitch_user' into text field 'xpath:/html/body/div/div/div[2]/div[1]/div[1]/div/form/div[1]/input'.</msg>
<status status="PASS" starttime="20220625 19:22:59.752" endtime="20220625 19:22:59.957"/>
</kw>
<kw name="Input Text" library="SeleniumLibrary">
<arg>${password_field}</arg>
<arg>${password}</arg>
<doc>Types the given ``text`` into the text field identified by ``locator``.</doc>
<msg timestamp="20220625 19:22:59.958" level="INFO">Typing text 'secret_sauce' into text field 'xpath:/html/body/div/div/div[2]/div[1]/div[1]/div/form/div[2]/input'.</msg>
<status status="PASS" starttime="20220625 19:22:59.957" endtime="20220625 19:23:00.126"/>
</kw>
<kw name="Click Element" library="SeleniumLibrary">
<arg>${login_btn}</arg>
<doc>Click the element identified by ``locator``.</doc>
<msg timestamp="20220625 19:23:00.127" level="INFO">Clicking element 'id:login-button'.</msg>
<status status="PASS" starttime="20220625 19:23:00.126" endtime="20220625 19:23:05.314"/>
</kw>
<status status="PASS" starttime="20220625 19:22:59.751" endtime="20220625 19:23:05.315"/>
</kw>
<kw name="Sleep" library="BuiltIn">
<arg>3s</arg>
<doc>Pauses the test executed for the given time.</doc>
<msg timestamp="20220625 19:23:08.326" level="INFO">Slept 3 seconds</msg>
<status status="PASS" starttime="20220625 19:23:05.316" endtime="20220625 19:23:08.326"/>
</kw>
<kw name="Page Should Contain Element" library="SeleniumLibrary">
<arg>${saucelabs_header}</arg>
<doc>Verifies that element ``locator`` is found on the current page.</doc>
<msg timestamp="20220625 19:23:08.357" level="INFO">Current page contains element 'xpath:/html/body/div/div/div/div[1]/div[1]/div[2]/div'.</msg>
<status status="PASS" starttime="20220625 19:23:08.328" endtime="20220625 19:23:08.357"/>
</kw>
<kw name="Close Browser" library="SeleniumLibrary" type="TEARDOWN">
<doc>Closes the current browser.</doc>
<status status="PASS" starttime="20220625 19:23:08.360" endtime="20220625 19:23:10.650"/>
</kw>
<status status="PASS" starttime="20220625 19:22:56.754" endtime="20220625 19:23:10.653"/>
</test>
<status status="PASS" starttime="20220625 19:22:56.395" endtime="20220625 19:23:10.665"/>
</suite>
<statistics>
<total>
<stat pass="1" fail="0" skip="0">All Tests</stat>
</total>
<tag>
</tag>
<suite>
<stat pass="1" fail="0" skip="0" id="s1" name="Functional">Functional</stat>
</suite>
</statistics>
<errors>
</errors>
</robot>
