<?xml version="1.0" encoding="UTF-8"?>
<robot generator="Robot 5.0 (Python 3.10.4 on win32)" generated="20220404 11:56:14.748" rpa="false" schemaversion="3">
<suite id="s1" name="Login" source="C:\Users\Dell\Desktop\robotlearning\login testing\login.robot">
<test id="s1-t1" name="login_pass" line="8">
<kw name="Open Browser" library="SeleniumLibrary">
<arg>https://www.saucedemo.com/</arg>
<arg>chrome</arg>
<doc>Opens a new browser instance to the optional ``url``.</doc>
<msg timestamp="20220404 11:56:15.363" level="INFO">Opening browser 'chrome' to base url 'https://www.saucedemo.com/'.</msg>
<status status="PASS" starttime="20220404 11:56:15.361" endtime="20220404 11:56:17.673"/>
</kw>
<kw name="enter valid credentials">
<kw name="Input Text" library="SeleniumLibrary">
<arg>id:user-name</arg>
<arg>standard_user</arg>
<doc>Types the given ``text`` into the text field identified by ``locator``.</doc>
<msg timestamp="20220404 11:56:17.688" level="INFO">Typing text 'standard_user' into text field 'id:user-name'.</msg>
<status status="PASS" starttime="20220404 11:56:17.686" endtime="20220404 11:56:17.950"/>
</kw>
<kw name="Input Password" library="SeleniumLibrary">
<arg>id:password</arg>
<arg>${password_correct}</arg>
<doc>Types the given password into the text field identified by ``locator``.</doc>
<msg timestamp="20220404 11:56:17.951" level="INFO">Typing password into text field 'id:password'.</msg>
<msg timestamp="20220404 11:56:18.032" level="INFO">Temporally setting log level to: NONE</msg>
<msg timestamp="20220404 11:56:18.166" level="INFO">Log level changed from NONE to INFO.</msg>
<status status="PASS" starttime="20220404 11:56:17.951" endtime="20220404 11:56:18.166"/>
</kw>
<kw name="Click Element" library="SeleniumLibrary">
<arg>id:login-button</arg>
<doc>Click the element identified by ``locator``.</doc>
<msg timestamp="20220404 11:56:18.167" level="INFO">Clicking element 'id:login-button'.</msg>
<status status="PASS" starttime="20220404 11:56:18.166" endtime="20220404 11:56:18.402"/>
</kw>
<status status="PASS" starttime="20220404 11:56:17.685" endtime="20220404 11:56:18.402"/>
</kw>
<kw name="Page Should Contain Element" library="SeleniumLibrary">
<arg>xpath:/html/body/div/div/div/div[1]/div[2]/span</arg>
<doc>Verifies that element ``locator`` is found on the current page.</doc>
<msg timestamp="20220404 11:56:18.699" level="INFO">Current page contains element 'xpath:/html/body/div/div/div/div[1]/div[2]/span'.</msg>
<status status="PASS" starttime="20220404 11:56:18.408" endtime="20220404 11:56:18.699"/>
</kw>
<kw name="Sleep" library="BuiltIn">
<arg>3s</arg>
<doc>Pauses the test executed for the given time.</doc>
<msg timestamp="20220404 11:56:21.710" level="INFO">Slept 3 seconds</msg>
<status status="PASS" starttime="20220404 11:56:18.702" endtime="20220404 11:56:21.710"/>
</kw>
<kw name="Close Browser" library="SeleniumLibrary">
<doc>Closes the current browser.</doc>
<status status="PASS" starttime="20220404 11:56:21.711" endtime="20220404 11:56:24.083"/>
</kw>
<status status="PASS" starttime="20220404 11:56:15.358" endtime="20220404 11:56:24.085"/>
</test>
<test id="s1-t2" name="login_fail" line="15">
<kw name="Open Browser" library="SeleniumLibrary">
<arg>https://www.saucedemo.com/</arg>
<arg>chrome</arg>
<doc>Opens a new browser instance to the optional ``url``.</doc>
<msg timestamp="20220404 11:56:24.096" level="INFO">Opening browser 'chrome' to base url 'https://www.saucedemo.com/'.</msg>
<status status="PASS" starttime="20220404 11:56:24.095" endtime="20220404 11:56:26.023"/>
</kw>
<kw name="enter invalid credentials">
<kw name="Input Text" library="SeleniumLibrary">
<arg>id:user-name</arg>
<arg>muzammil</arg>
<doc>Types the given ``text`` into the text field identified by ``locator``.</doc>
<msg timestamp="20220404 11:56:26.026" level="INFO">Typing text 'muzammil' into text field 'id:user-name'.</msg>
<status status="PASS" starttime="20220404 11:56:26.025" endtime="20220404 11:56:26.264"/>
</kw>
<kw name="Input Password" library="SeleniumLibrary">
<arg>id:password</arg>
<arg>hello</arg>
<doc>Types the given password into the text field identified by ``locator``.</doc>
<msg timestamp="20220404 11:56:26.265" level="INFO">Typing password into text field 'id:password'.</msg>
<msg timestamp="20220404 11:56:26.336" level="INFO">Temporally setting log level to: NONE</msg>
<msg timestamp="20220404 11:56:26.436" level="INFO">Log level changed from NONE to INFO.</msg>
<status status="PASS" starttime="20220404 11:56:26.265" endtime="20220404 11:56:26.436"/>
</kw>
<kw name="Click Element" library="SeleniumLibrary">
<arg>id:login-button</arg>
<doc>Click the element identified by ``locator``.</doc>
<msg timestamp="20220404 11:56:26.437" level="INFO">Clicking element 'id:login-button'.</msg>
<status status="PASS" starttime="20220404 11:56:26.436" endtime="20220404 11:56:26.528"/>
</kw>
<status status="PASS" starttime="20220404 11:56:26.025" endtime="20220404 11:56:26.528"/>
</kw>
<kw name="Page Should Contain" library="SeleniumLibrary">
<arg>Epic sadface: Username and password do not match any user in this service</arg>
<doc>Verifies that current page contains ``text``.</doc>
<msg timestamp="20220404 11:56:26.559" level="INFO">Current page contains text 'Epic sadface: Username and password do not match any user in this service'.</msg>
<status status="PASS" starttime="20220404 11:56:26.530" endtime="20220404 11:56:26.559"/>
</kw>
<kw name="Sleep" library="BuiltIn">
<arg>2s</arg>
<doc>Pauses the test executed for the given time.</doc>
<msg timestamp="20220404 11:56:28.574" level="INFO">Slept 2 seconds</msg>
<status status="PASS" starttime="20220404 11:56:26.561" endtime="20220404 11:56:28.575"/>
</kw>
<kw name="Close Browser" library="SeleniumLibrary">
<doc>Closes the current browser.</doc>
<status status="PASS" starttime="20220404 11:56:28.577" endtime="20220404 11:56:30.849"/>
</kw>
<status status="PASS" starttime="20220404 11:56:24.092" endtime="20220404 11:56:30.850"/>
</test>
<status status="PASS" starttime="20220404 11:56:14.752" endtime="20220404 11:56:30.855"/>
</suite>
<statistics>
<total>
<stat pass="2" fail="0" skip="0">All Tests</stat>
</total>
<tag>
</tag>
<suite>
<stat pass="2" fail="0" skip="0" id="s1" name="Login">Login</stat>
</suite>
</statistics>
<errors>
</errors>
</robot>
